Determining if the pthread_create exist failed with the following output:
Change Dir: /home/yu/codings/ros-work/learn/build/CMakeFiles/CMakeTmp

Run Build Command:"/usr/bin/make" "cmTC_4d9b3/fast"
/usr/bin/make -f CMakeFiles/cmTC_4d9b3.dir/build.make CMakeFiles/cmTC_4d9b3.dir/build
make[1]: 进入目录“/home/yu/codings/ros-work/learn/build/CMakeFiles/CMakeTmp”
Building C object CMakeFiles/cmTC_4d9b3.dir/CheckSymbolExists.c.o
/usr/bin/cc    -o CMakeFiles/cmTC_4d9b3.dir/CheckSymbolExists.c.o   -c /home/yu/codings/ros-work/learn/build/CMakeFiles/CMakeTmp/CheckSymbolExists.c
Linking C executable cmTC_4d9b3
/usr/bin/cmake -E cmake_link_script CMakeFiles/cmTC_4d9b3.dir/link.txt --verbose=1
/usr/bin/cc      -rdynamic CMakeFiles/cmTC_4d9b3.dir/CheckSymbolExists.c.o  -o cmTC_4d9b3 
CMakeFiles/cmTC_4d9b3.dir/CheckSymbolExists.c.o：在函数‘main’中：
CheckSymbolExists.c:(.text+0x1b)：对‘pthread_create’未定义的引用
collect2: error: ld returned 1 exit status
CMakeFiles/cmTC_4d9b3.dir/build.make:97: recipe for target 'cmTC_4d9b3' failed
make[1]: *** [cmTC_4d9b3] Error 1
make[1]: 离开目录“/home/yu/codings/ros-work/learn/build/CMakeFiles/CMakeTmp”
Makefile:126: recipe for target 'cmTC_4d9b3/fast' failed
make: *** [cmTC_4d9b3/fast] Error 2

File /home/yu/codings/ros-work/learn/build/CMakeFiles/CMakeTmp/CheckSymbolExists.c:
/* */
#include <pthread.h>

int main(int argc, char** argv)
{
  (void)argv;
#ifndef pthread_create
  return ((int*)(&pthread_create))[argc];
#else
  (void)argc;
  return 0;
#endif
}

Determining if the function pthread_create exists in the pthreads failed with the following output:
Change Dir: /home/yu/codings/ros-work/learn/build/CMakeFiles/CMakeTmp

Run Build Command:"/usr/bin/make" "cmTC_6fc4b/fast"
/usr/bin/make -f CMakeFiles/cmTC_6fc4b.dir/build.make CMakeFiles/cmTC_6fc4b.dir/build
make[1]: 进入目录“/home/yu/codings/ros-work/learn/build/CMakeFiles/CMakeTmp”
Building C object CMakeFiles/cmTC_6fc4b.dir/CheckFunctionExists.c.o
/usr/bin/cc   -DCHECK_FUNCTION_EXISTS=pthread_create   -o CMakeFiles/cmTC_6fc4b.dir/CheckFunctionExists.c.o   -c /usr/share/cmake-3.10/Modules/CheckFunctionExists.c
Linking C executable cmTC_6fc4b
/usr/bin/cmake -E cmake_link_script CMakeFiles/cmTC_6fc4b.dir/link.txt --verbose=1
/usr/bin/cc  -DCHECK_FUNCTION_EXISTS=pthread_create    -rdynamic CMakeFiles/cmTC_6fc4b.dir/CheckFunctionExists.c.o  -o cmTC_6fc4b -lpthreads 
/usr/bin/ld: 找不到 -lpthreads
collect2: error: ld returned 1 exit status
CMakeFiles/cmTC_6fc4b.dir/build.make:97: recipe for target 'cmTC_6fc4b' failed
make[1]: *** [cmTC_6fc4b] Error 1
make[1]: 离开目录“/home/yu/codings/ros-work/learn/build/CMakeFiles/CMakeTmp”
Makefile:126: recipe for target 'cmTC_6fc4b/fast' failed
make: *** [cmTC_6fc4b/fast] Error 2


